00000000 Prog.    2020-06-24 10:56:14  1672  3808 "Loading plugin C:\Program Files (x86)\HPCCSystems\7.8.6\clienttools\plugins\auditlib.dll[lib_auditlib] version = AUDITLIB 1.0.1"
00000001 Prog.    2020-06-24 10:56:14  1672  3808 "Loading library C:\Program Files (x86)\HPCCSystems\7.8.6\clienttools\plugins\couchbase.ecllib"
00000002 Prog.    2020-06-24 10:56:14  1672  3808 "Loading plugin C:\Program Files (x86)\HPCCSystems\7.8.6\clienttools\plugins\debugservices.dll[lib_debugservices] version = DEBUGSERVICES 1.0.1"
00000003 Prog.    2020-06-24 10:56:14  1672  3808 "Loading plugin C:\Program Files (x86)\HPCCSystems\7.8.6\clienttools\plugins\fileservices.dll[lib_fileservices] version = FILESERVICES 2.1.4"
00000004 Prog.    2020-06-24 10:56:14  1672  3808 "Loading library C:\Program Files (x86)\HPCCSystems\7.8.6\clienttools\plugins\java.ecllib"
00000005 Prog.    2020-06-24 10:56:14  1672  3808 "Loading library C:\Program Files (x86)\HPCCSystems\7.8.6\clienttools\plugins\javascript.ecllib"
00000006 Prog.    2020-06-24 10:56:14  1672  3808 "Loading library C:\Program Files (x86)\HPCCSystems\7.8.6\clienttools\plugins\kafka.ecllib"
00000007 Prog.    2020-06-24 10:56:14  1672  3808 "Loading library C:\Program Files (x86)\HPCCSystems\7.8.6\clienttools\plugins\lib_cryptolib.ecllib"
00000008 Prog.    2020-06-24 10:56:14  1672  3808 "Loading library C:\Program Files (x86)\HPCCSystems\7.8.6\clienttools\plugins\lib_eclblas.ecllib"
00000009 Prog.    2020-06-24 10:56:14  1672  3808 "Loading library C:\Program Files (x86)\HPCCSystems\7.8.6\clienttools\plugins\lib_h3.ecllib"
0000000A Prog.    2020-06-24 10:56:14  1672  3808 "Loading library C:\Program Files (x86)\HPCCSystems\7.8.6\clienttools\plugins\lib_keylib.ecllib"
0000000B Prog.    2020-06-24 10:56:14  1672  3808 "Loading library C:\Program Files (x86)\HPCCSystems\7.8.6\clienttools\plugins\lib_memcached.ecllib"
0000000C Prog.    2020-06-24 10:56:14  1672  3808 "Loading library C:\Program Files (x86)\HPCCSystems\7.8.6\clienttools\plugins\lib_metaphone.ecllib"
0000000D Prog.    2020-06-24 10:56:14  1672  3808 "Loading library C:\Program Files (x86)\HPCCSystems\7.8.6\clienttools\plugins\lib_redis.ecllib"
0000000E Prog.    2020-06-24 10:56:14  1672  3808 "Loading library C:\Program Files (x86)\HPCCSystems\7.8.6\clienttools\plugins\lib_saltlib.ecllib"
0000000F Prog.    2020-06-24 10:56:14  1672  3808 "Loading library C:\Program Files (x86)\HPCCSystems\7.8.6\clienttools\plugins\lib_thorlib.ecllib"
00000010 Prog.    2020-06-24 10:56:14  1672  3808 "Loading library C:\Program Files (x86)\HPCCSystems\7.8.6\clienttools\plugins\lib_word.ecllib"
00000011 Prog.    2020-06-24 10:56:14  1672  3808 "Loading plugin C:\Program Files (x86)\HPCCSystems\7.8.6\clienttools\plugins\logging.dll[lib_logging] version = LOGGING 1.0.1"
00000012 Prog.    2020-06-24 10:56:14  1672  3808 "Loading library C:\Program Files (x86)\HPCCSystems\7.8.6\clienttools\plugins\mysql.ecllib"
00000013 Prog.    2020-06-24 10:56:14  1672  3808 "Loading plugin C:\Program Files (x86)\HPCCSystems\7.8.6\clienttools\plugins\parselib.dll[lib_parselib] version = PARSELIB 1.0.1"
00000014 Prog.    2020-06-24 10:56:14  1672  3808 "Loading library C:\Program Files (x86)\HPCCSystems\7.8.6\clienttools\plugins\python.ecllib"
00000015 Prog.    2020-06-24 10:56:14  1672  3808 "Loading library C:\Program Files (x86)\HPCCSystems\7.8.6\clienttools\plugins\python3.ecllib"
00000016 Prog.    2020-06-24 10:56:14  1672  3808 "Loading library C:\Program Files (x86)\HPCCSystems\7.8.6\clienttools\plugins\R.ecllib"
00000017 Prog.    2020-06-24 10:56:14  1672  3808 "Loading library C:\Program Files (x86)\HPCCSystems\7.8.6\clienttools\plugins\sqlite3.ecllib"
00000018 Prog.    2020-06-24 10:56:14  1672  3808 "Loading library C:\Program Files (x86)\HPCCSystems\7.8.6\clienttools\plugins\sqs.ecllib"
00000019 Prog.    2020-06-24 10:56:14  1672  3808 "Loading plugin C:\Program Files (x86)\HPCCSystems\7.8.6\clienttools\plugins\stringlib.dll[lib_stringlib] version = STRINGLIB 1.1.14"
0000001A Prog.    2020-06-24 10:56:14  1672  3808 "Loading plugin C:\Program Files (x86)\HPCCSystems\7.8.6\clienttools\plugins\timelib.dll[lib_timelib] version = TIMELIB 1.0.0"
0000001B Prog.    2020-06-24 10:56:14  1672  3808 "Loading plugin C:\Program Files (x86)\HPCCSystems\7.8.6\clienttools\plugins\unicodelib.dll[lib_unicodelib] version = UNICODELIB 1.1.06"
0000001C Prog.    2020-06-24 10:56:14  1672  3808 "Loading plugin C:\Program Files (x86)\HPCCSystems\7.8.6\clienttools\plugins\workunitservices.dll[lib_WORKUNITSERVICES] version = WORKUNITSERVICES 1.0.2"
0000001D User     2020-06-24 10:56:15  1672  3808 "WARNING: Duplicate module found at c:\Users\kasavasx\Documents\DevWS\ThorDevWS\BWR_Orbit"
0000001E Prog.    2020-06-24 10:56:15  1672  3808 "17: CFile::rename(c:\Users\kasavasx\DevRepo\ThorDev\.eclcc\metacache\couchbase.cache__bkiqjweiayaabd3j6npl5v2qaaaqaaaa.tmp, c:\Users\kasavasx\DevRepo\ThorDev\.eclcc\metacache\couchbase.cache), File exists"
0000001F Prog.    2020-06-24 10:56:15  1672  3808 "17: CFile::rename(c:\Users\kasavasx\DevRepo\ThorDev\.eclcc\metacache\java.cache__bkiqjweiayaabd3j6npmfv2qaabaaaaa.tmp, c:\Users\kasavasx\DevRepo\ThorDev\.eclcc\metacache\java.cache), File exists"
00000020 Prog.    2020-06-24 10:56:15  1672  3808 "17: CFile::rename(c:\Users\kasavasx\DevRepo\ThorDev\.eclcc\metacache\javascript.cache__bkiqjweiayaabd3j6npmpv2qaabqaaaa.tmp, c:\Users\kasavasx\DevRepo\ThorDev\.eclcc\metacache\javascript.cache), File exists"
00000021 Prog.    2020-06-24 10:56:15  1672  3808 "17: CFile::rename(c:\Users\kasavasx\DevRepo\ThorDev\.eclcc\metacache\kafka.cache__bkiqjweiayaabd3j6npm5v2qaacaaaaa.tmp, c:\Users\kasavasx\DevRepo\ThorDev\.eclcc\metacache\kafka.cache), File exists"
00000022 Prog.    2020-06-24 10:56:15  1672  3808 "17: CFile::rename(c:\Users\kasavasx\DevRepo\ThorDev\.eclcc\metacache\lib_auditlib.cache__bkiqjweiayaabd3j6npnfv2qaacqaaaa.tmp, c:\Users\kasavasx\DevRepo\ThorDev\.eclcc\metacache\lib_auditlib.cache), File exists"
00000023 Prog.    2020-06-24 10:56:15  1672  3808 "17: CFile::rename(c:\Users\kasavasx\DevRepo\ThorDev\.eclcc\metacache\lib_cryptolib.cache__bkiqjweiayaabd3j6npnlv2qaadaaaaa.tmp, c:\Users\kasavasx\DevRepo\ThorDev\.eclcc\metacache\lib_cryptolib.cache), File exists"
00000024 Prog.    2020-06-24 10:56:15  1672  3808 "17: CFile::rename(c:\Users\kasavasx\DevRepo\ThorDev\.eclcc\metacache\lib_debugservices.cache__bkiqjweiayaabd3j6npntv2qaadqaaaa.tmp, c:\Users\kasavasx\DevRepo\ThorDev\.eclcc\metacache\lib_debugservices.cache), File exists"
00000025 Prog.    2020-06-24 10:56:15  1672  3808 "17: CFile::rename(c:\Users\kasavasx\DevRepo\ThorDev\.eclcc\metacache\lib_eclblas.cache__bkiqjweiayaabd3j6npn3v2qaaeaaaaa.tmp, c:\Users\kasavasx\DevRepo\ThorDev\.eclcc\metacache\lib_eclblas.cache), File exists"
00000026 Prog.    2020-06-24 10:56:15  1672  3808 "17: CFile::rename(c:\Users\kasavasx\DevRepo\ThorDev\.eclcc\metacache\lib_fileservices.cache__bkiqjweiayaabd3j6nponv2qaaeqaaaa.tmp, c:\Users\kasavasx\DevRepo\ThorDev\.eclcc\metacache\lib_fileservices.cache), File exists"
00000027 Prog.    2020-06-24 10:56:15  1672  3808 "17: CFile::rename(c:\Users\kasavasx\DevRepo\ThorDev\.eclcc\metacache\lib_h3.cache__bkiqjweiayaabd3j6npoxv2qaafaaaaa.tmp, c:\Users\kasavasx\DevRepo\ThorDev\.eclcc\metacache\lib_h3.cache), File exists"
00000028 Prog.    2020-06-24 10:56:15  1672  3808 "17: CFile::rename(c:\Users\kasavasx\DevRepo\ThorDev\.eclcc\metacache\lib_keylib.cache__bkiqjweiayaabd3j6npo7v2qaafqaaaa.tmp, c:\Users\kasavasx\DevRepo\ThorDev\.eclcc\metacache\lib_keylib.cache), File exists"
00000029 Prog.    2020-06-24 10:56:15  1672  3808 "17: CFile::rename(c:\Users\kasavasx\DevRepo\ThorDev\.eclcc\metacache\lib_logging.cache__bkiqjweiayaabd3j6npphv2qaagaaaaa.tmp, c:\Users\kasavasx\DevRepo\ThorDev\.eclcc\metacache\lib_logging.cache), File exists"
0000002A Prog.    2020-06-24 10:56:15  1672  3808 "17: CFile::rename(c:\Users\kasavasx\DevRepo\ThorDev\.eclcc\metacache\lib_memcached.cache__bkiqjweiayaabd3j6npppv2qaagqaaaa.tmp, c:\Users\kasavasx\DevRepo\ThorDev\.eclcc\metacache\lib_memcached.cache), File exists"
0000002B Prog.    2020-06-24 10:56:15  1672  3808 "17: CFile::rename(c:\Users\kasavasx\DevRepo\ThorDev\.eclcc\metacache\lib_metaphone.cache__bkiqjweiayaabd3j6nppzv2qaahaaaaa.tmp, c:\Users\kasavasx\DevRepo\ThorDev\.eclcc\metacache\lib_metaphone.cache), File exists"
0000002C Prog.    2020-06-24 10:56:15  1672  3808 "17: CFile::rename(c:\Users\kasavasx\DevRepo\ThorDev\.eclcc\metacache\lib_parselib.cache__bkiqjweiayaabd3j6npabwcqaahqaaaa.tmp, c:\Users\kasavasx\DevRepo\ThorDev\.eclcc\metacache\lib_parselib.cache), File exists"
0000002D Prog.    2020-06-24 10:56:15  1672  3808 "17: CFile::rename(c:\Users\kasavasx\DevRepo\ThorDev\.eclcc\metacache\lib_redis.cache__bkiqjweiayaabd3j6npavwcqaaiaaaaa.tmp, c:\Users\kasavasx\DevRepo\ThorDev\.eclcc\metacache\lib_redis.cache), File exists"
0000002E Prog.    2020-06-24 10:56:15  1672  3808 "17: CFile::rename(c:\Users\kasavasx\DevRepo\ThorDev\.eclcc\metacache\lib_saltlib.cache__bkiqjweiayaabd3j6npa7wcqaaiqaaaa.tmp, c:\Users\kasavasx\DevRepo\ThorDev\.eclcc\metacache\lib_saltlib.cache), File exists"
0000002F Prog.    2020-06-24 10:56:15  1672  3808 "17: CFile::rename(c:\Users\kasavasx\DevRepo\ThorDev\.eclcc\metacache\lib_stringlib.cache__bkiqjweiayaabd3j6npbjwcqaajaaaaa.tmp, c:\Users\kasavasx\DevRepo\ThorDev\.eclcc\metacache\lib_stringlib.cache), File exists"
00000030 Prog.    2020-06-24 10:56:15  1672  3808 "17: CFile::rename(c:\Users\kasavasx\DevRepo\ThorDev\.eclcc\metacache\lib_thorlib.cache__bkiqjweiayaabd3j6npbpwcqaajqaaaa.tmp, c:\Users\kasavasx\DevRepo\ThorDev\.eclcc\metacache\lib_thorlib.cache), File exists"
00000031 Prog.    2020-06-24 10:56:15  1672  3808 "17: CFile::rename(c:\Users\kasavasx\DevRepo\ThorDev\.eclcc\metacache\lib_timelib.cache__bkiqjweiayaabd3j6npbxwcqaakaaaaa.tmp, c:\Users\kasavasx\DevRepo\ThorDev\.eclcc\metacache\lib_timelib.cache), File exists"
00000032 Prog.    2020-06-24 10:56:15  1672  3808 "17: CFile::rename(c:\Users\kasavasx\DevRepo\ThorDev\.eclcc\metacache\lib_unicodelib.cache__bkiqjweiayaabd3j6npcbwcqaakqaaaa.tmp, c:\Users\kasavasx\DevRepo\ThorDev\.eclcc\metacache\lib_unicodelib.cache), File exists"
00000033 Prog.    2020-06-24 10:56:15  1672  3808 "17: CFile::rename(c:\Users\kasavasx\DevRepo\ThorDev\.eclcc\metacache\lib_word.cache__bkiqjweiayaabd3j6npcjwcqaalaaaaa.tmp, c:\Users\kasavasx\DevRepo\ThorDev\.eclcc\metacache\lib_word.cache), File exists"
00000034 Prog.    2020-06-24 10:56:15  1672  3808 "17: CFile::rename(c:\Users\kasavasx\DevRepo\ThorDev\.eclcc\metacache\lib_workunitservices.cache__bkiqjweiayaabd3j6npcpwcqaalqaaaa.tmp, c:\Users\kasavasx\DevRepo\ThorDev\.eclcc\metacache\lib_workunitservices.cache), File exists"
00000035 Prog.    2020-06-24 10:56:15  1672  3808 "17: CFile::rename(c:\Users\kasavasx\DevRepo\ThorDev\.eclcc\metacache\mysql.cache__bkiqjweiayaabd3j6npcvwcqaamaaaaa.tmp, c:\Users\kasavasx\DevRepo\ThorDev\.eclcc\metacache\mysql.cache), File exists"
00000036 Prog.    2020-06-24 10:56:15  1672  3808 "17: CFile::rename(c:\Users\kasavasx\DevRepo\ThorDev\.eclcc\metacache\python.cache__bkiqjweiayaabd3j6npc5wcqaamqaaaa.tmp, c:\Users\kasavasx\DevRepo\ThorDev\.eclcc\metacache\python.cache), File exists"
00000037 Prog.    2020-06-24 10:56:15  1672  3808 "17: CFile::rename(c:\Users\kasavasx\DevRepo\ThorDev\.eclcc\metacache\python3.cache__bkiqjweiayaabd3j6npddwcqaanaaaaa.tmp, c:\Users\kasavasx\DevRepo\ThorDev\.eclcc\metacache\python3.cache), File exists"
00000038 Prog.    2020-06-24 10:56:15  1672  3808 "17: CFile::rename(c:\Users\kasavasx\DevRepo\ThorDev\.eclcc\metacache\r.cache__bkiqjweiayaabd3j6nph3wkqaanqaaaa.tmp, c:\Users\kasavasx\DevRepo\ThorDev\.eclcc\metacache\r.cache), File exists"
00000039 Prog.    2020-06-24 10:56:15  1672  3808 "17: CFile::rename(c:\Users\kasavasx\DevRepo\ThorDev\.eclcc\metacache\sqlite3.cache__bkiqjweiayaabd3j6npibwkqaaoaaaaa.tmp, c:\Users\kasavasx\DevRepo\ThorDev\.eclcc\metacache\sqlite3.cache), File exists"
0000003A Prog.    2020-06-24 10:56:15  1672  3808 "17: CFile::rename(c:\Users\kasavasx\DevRepo\ThorDev\.eclcc\metacache\sqs.cache__bkiqjweiayaabd3j6npijwkqaaoqaaaa.tmp, c:\Users\kasavasx\DevRepo\ThorDev\.eclcc\metacache\sqs.cache), File exists"
0000003B Prog.    2020-06-24 10:56:15  1672  3808 "17: CFile::rename(c:\Users\kasavasx\DevRepo\ThorDev\.eclcc\metacache\std\date.cache__bkiqjweiayaabd3j6npk7wkqaapaaaaa.tmp, c:\Users\kasavasx\DevRepo\ThorDev\.eclcc\metacache\std\date.cache), File exists"
0000003C Prog.    2020-06-24 10:56:15  1672  3808 "17: CFile::rename(c:\Users\kasavasx\DevRepo\ThorDev\.eclcc\metacache\_control\ipaddress.cache__bkiqjweiayaabd3j6npl3wkqaapqaaaa.tmp, c:\Users\kasavasx\DevRepo\ThorDev\.eclcc\metacache\_control\ipaddress.cache), File exists"
0000003D Prog.    2020-06-24 10:56:15  1672  3808 "17: CFile::rename(c:\Users\kasavasx\DevRepo\ThorDev\.eclcc\metacache\_control\roxieenv.cache__bkiqjweiayaabd3j6npmjwkqaaqaaaaa.tmp, c:\Users\kasavasx\DevRepo\ThorDev\.eclcc\metacache\_control\roxieenv.cache), File exists"
0000003E Prog.    2020-06-24 10:56:15  1672  3808 "17: CFile::rename(c:\Users\kasavasx\DevRepo\ThorDev\.eclcc\metacache\_control\thisenvironment.cache__bkiqjweiayaabd3j6npmpwkqaaqqaaaa.tmp, c:\Users\kasavasx\DevRepo\ThorDev\.eclcc\metacache\_control\thisenvironment.cache), File exists"
0000003F Prog.    2020-06-24 10:56:15  1672  3808 "17: CFile::rename(c:\Users\kasavasx\DevRepo\ThorDev\.eclcc\metacache\flaccidents_ecrash\constants.cache__bkiqjweiayaabd3j6npmxwkqaaraaaaa.tmp, c:\Users\kasavasx\DevRepo\ThorDev\.eclcc\metacache\flaccidents_ecrash\constants.cache), File exists"
00000040 Prog.    2020-06-24 10:56:15  1672  3808 "17: CFile::rename(c:\Users\kasavasx\DevRepo\ThorDev\.eclcc\metacache\tools\layout_names.cache__bkiqjweiayaabd3j6nporwkqaarqaaaa.tmp, c:\Users\kasavasx\DevRepo\ThorDev\.eclcc\metacache\tools\layout_names.cache), File exists"
00000041 Prog.    2020-06-24 10:56:15  1672  3808 "17: CFile::rename(c:\Users\kasavasx\DevRepo\ThorDev\.eclcc\metacache\tools\fun_groupname.cache__bkiqjweiayaabd3j6npozwkqaasaaaaa.tmp, c:\Users\kasavasx\DevRepo\ThorDev\.eclcc\metacache\tools\fun_groupname.cache), File exists"
00000042 Prog.    2020-06-24 10:56:15  1672  3808 "17: CFile::rename(c:\Users\kasavasx\DevRepo\ThorDev\.eclcc\metacache\tools\layout_sprays.cache__bkiqjweiayaabd3j6nppdwkqaasqaaaa.tmp, c:\Users\kasavasx\DevRepo\ThorDev\.eclcc\metacache\tools\layout_sprays.cache), File exists"
00000043 Prog.    2020-06-24 10:56:16  1672  3808 "17: CFile::rename(c:\Users\kasavasx\DevRepo\ThorDev\.eclcc\metacache\versioncontrol\layout_sprays.cache__bkiqjweiayaabd3j6nppjwkqaataaaaa.tmp, c:\Users\kasavasx\DevRepo\ThorDev\.eclcc\metacache\versioncontrol\layout_sprays.cache), File exists"
00000044 Prog.    2020-06-24 10:56:16  1672  3808 "17: CFile::rename(c:\Users\kasavasx\DevRepo\ThorDev\.eclcc\metacache\_control\myinfo.cache__bkiqjweiayaabedj6nphjwsqaatqaaaa.tmp, c:\Users\kasavasx\DevRepo\ThorDev\.eclcc\metacache\_control\myinfo.cache), File exists"
00000045 Prog.    2020-06-24 10:56:16  1672  3808 "17: CFile::rename(c:\Users\kasavasx\DevRepo\ThorDev\.eclcc\metacache\tools\mod_ipaddresses.cache__bkiqjweiayaabedj6npjlw2qaauaaaaa.tmp, c:\Users\kasavasx\DevRepo\ThorDev\.eclcc\metacache\tools\mod_ipaddresses.cache), File exists"
00000046 Prog.    2020-06-24 10:56:16  1672  3808 "17: CFile::rename(c:\Users\kasavasx\DevRepo\ThorDev\.eclcc\metacache\tools\layout_superfilenames.cache__bkiqjweiayaabedj6npkfw2qaauqaaaa.tmp, c:\Users\kasavasx\DevRepo\ThorDev\.eclcc\metacache\tools\layout_superfilenames.cache), File exists"
00000047 Prog.    2020-06-24 10:56:16  1672  3808 "17: CFile::rename(c:\Users\kasavasx\DevRepo\ThorDev\.eclcc\metacache\tools\fun_clearfilesfromsupers.cache__bkiqjweiayaabedj6nppbw2qaavaaaaa.tmp, c:\Users\kasavasx\DevRepo\ThorDev\.eclcc\metacache\tools\fun_clearfilesfromsupers.cache), File exists"
00000048 Prog.    2020-06-24 10:56:16  1672  3808 "17: CFile::rename(c:\Users\kasavasx\DevRepo\ThorDev\.eclcc\metacache\ut\gettimedate.cache__bkiqjweiayaabedj6npcnxcqaavqaaaa.tmp, c:\Users\kasavasx\DevRepo\ThorDev\.eclcc\metacache\ut\gettimedate.cache), File exists"
00000049 Prog.    2020-06-24 10:56:16  1672  3808 "17: CFile::rename(c:\Users\kasavasx\DevRepo\ThorDev\.eclcc\metacache\tools\layout_filenameversions.cache__bkiqjweiayaabedj6npdlxcqaawaaaaa.tmp, c:\Users\kasavasx\DevRepo\ThorDev\.eclcc\metacache\tools\layout_filenameversions.cache), File exists"
0000004A Prog.    2020-06-24 10:56:16  1672  3808 "17: CFile::rename(c:\Users\kasavasx\DevRepo\ThorDev\.eclcc\metacache\ut\word.cache__bkiqjweiayaabedj6npffxcqaawqaaaa.tmp, c:\Users\kasavasx\DevRepo\ThorDev\.eclcc\metacache\ut\word.cache), File exists"
0000004B Prog.    2020-06-24 10:56:16  1672  3808 "17: CFile::rename(c:\Users\kasavasx\DevRepo\ThorDev\.eclcc\metacache\salt22\getnthword.cache__bkiqjweiayaabedj6npfnxcqaaxaaaaa.tmp, c:\Users\kasavasx\DevRepo\ThorDev\.eclcc\metacache\salt22\getnthword.cache), File exists"
0000004C Prog.    2020-06-24 10:56:16  1672  3808 "17: CFile::rename(c:\Users\kasavasx\DevRepo\ThorDev\.eclcc\metacache\std\str.cache__bkiqjweiayaabedj6npgdxcqaaxqaaaa.tmp, c:\Users\kasavasx\DevRepo\ThorDev\.eclcc\metacache\std\str.cache), File exists"
0000004D Prog.    2020-06-24 10:56:16  1672  3808 "17: CFile::rename(c:\Users\kasavasx\DevRepo\ThorDev\.eclcc\metacache\ut\nowords.cache__bkiqjweiayaabedj6npglxcqaayaaaaa.tmp, c:\Users\kasavasx\DevRepo\ThorDev\.eclcc\metacache\ut\nowords.cache), File exists"
0000004E Prog.    2020-06-24 10:56:16  1672  3808 "17: CFile::rename(c:\Users\kasavasx\DevRepo\ThorDev\.eclcc\metacache\salt22\wordcount.cache__bkiqjweiayaabedj6npgrxcqaayqaaaa.tmp, c:\Users\kasavasx\DevRepo\ThorDev\.eclcc\metacache\salt22\wordcount.cache), File exists"
0000004F Prog.    2020-06-24 10:56:16  1672  3808 "17: CFile::rename(c:\Users\kasavasx\DevRepo\ThorDev\.eclcc\metacache\ut\words.cache__bkiqjweiayaabedj6nphbxcqaazaaaaa.tmp, c:\Users\kasavasx\DevRepo\ThorDev\.eclcc\metacache\ut\words.cache), File exists"
00000050 Prog.    2020-06-24 10:56:16  1672  3808 "17: CFile::rename(c:\Users\kasavasx\DevRepo\ThorDev\.eclcc\metacache\salt22\getrangeofwords.cache__bkiqjweiayaabedj6nphhxcqaazqaaaa.tmp, c:\Users\kasavasx\DevRepo\ThorDev\.eclcc\metacache\salt22\getrangeofwords.cache), File exists"
00000051 Prog.    2020-06-24 10:56:16  1672  3808 "17: CFile::rename(c:\Users\kasavasx\DevRepo\ThorDev\.eclcc\metacache\tools\mod_utilities.cache__bkiqjweiayaabedj6nphpxcqaa2aaaaa.tmp, c:\Users\kasavasx\DevRepo\ThorDev\.eclcc\metacache\tools\mod_utilities.cache), File exists"
00000052 Prog.    2020-06-24 10:56:16  1672  3808 "17: CFile::rename(c:\Users\kasavasx\DevRepo\ThorDev\.eclcc\metacache\tools\fun_sprayemailbody.cache__bkiqjweiayaabedj6npivxcqaa2qaaaa.tmp, c:\Users\kasavasx\DevRepo\ThorDev\.eclcc\metacache\tools\fun_sprayemailbody.cache), File exists"
00000053 Prog.    2020-06-24 10:56:16  1672  3808 "17: CFile::rename(c:\Users\kasavasx\DevRepo\ThorDev\.eclcc\metacache\tools\fun_sendemail.cache__bkiqjweiayaabedj6npjdxcqaa3aaaaa.tmp, c:\Users\kasavasx\DevRepo\ThorDev\.eclcc\metacache\tools\fun_sendemail.cache), File exists"
00000054 Prog.    2020-06-24 10:56:16  1672  3808 "17: CFile::rename(c:\Users\kasavasx\DevRepo\ThorDev\.eclcc\metacache\tools\fun_spray.cache__bkiqjweiayaabedj6npjlxcqaa3qaaaa.tmp, c:\Users\kasavasx\DevRepo\ThorDev\.eclcc\metacache\tools\fun_spray.cache), File exists"
00000055 Prog.    2020-06-24 10:56:16  1672  3808 "17: CFile::rename(c:\Users\kasavasx\DevRepo\ThorDev\.eclcc\metacache\versioncontrol\fsprayinputfiles.cache__bkiqjweiayaabedj6npjtxcqaa4aaaaa.tmp, c:\Users\kasavasx\DevRepo\ThorDev\.eclcc\metacache\versioncontrol\fsprayinputfiles.cache), File exists"
00000056 Prog.    2020-06-24 10:56:16  1672  3808 "17: CFile::rename(c:\Users\kasavasx\DevRepo\ThorDev\.eclcc\metacache\ut\weekday.cache__bkiqjweiayaabedj6npkrxcqaa4qaaaa.tmp, c:\Users\kasavasx\DevRepo\ThorDev\.eclcc\metacache\ut\weekday.cache), File exists"
00000057 Prog.    2020-06-24 10:56:17  1672  3808 "17: CFile::rename(c:\Users\kasavasx\DevRepo\ThorDev\.eclcc\metacache\flaccidents_ecrash\mod_utilities.cache__bkiqjweiayaabelj6npgvxsqaa5aaaaa.tmp, c:\Users\kasavasx\DevRepo\ThorDev\.eclcc\metacache\flaccidents_ecrash\mod_utilities.cache), File exists"
00000058 Prog.    2020-06-24 10:56:17  1672  3808 "17: CFile::rename(c:\Users\kasavasx\DevRepo\ThorDev\.eclcc\metacache\flaccidents_ecrash\spray_in.cache__bkiqjweiayaabelj6nphbxsqaa5qaaaa.tmp, c:\Users\kasavasx\DevRepo\ThorDev\.eclcc\metacache\flaccidents_ecrash\spray_in.cache), File exists"
